{"/Users/sutthiphong/Documents/mask-email/src/index.ts": {"path":"/Users/sutthiphong/Documents/mask-email/src/index.ts","all":false,"statementMap":{"7":{"start":{"line":8,"column":0},"end":{"line":8,"column":77}},"8":{"start":{"line":9,"column":0},"end":{"line":9,"column":55}},"10":{"start":{"line":11,"column":0},"end":{"line":11,"column":39}},"11":{"start":{"line":12,"column":0},"end":{"line":12,"column":48}},"12":{"start":{"line":13,"column":0},"end":{"line":13,"column":3}},"14":{"start":{"line":15,"column":0},"end":{"line":15,"column":33}},"15":{"start":{"line":16,"column":0},"end":{"line":16,"column":29}},"16":{"start":{"line":17,"column":0},"end":{"line":17,"column":26}},"18":{"start":{"line":19,"column":0},"end":{"line":19,"column":30}},"19":{"start":{"line":20,"column":0},"end":{"line":20,"column":17}},"20":{"start":{"line":21,"column":0},"end":{"line":21,"column":3}},"23":{"start":{"line":24,"column":0},"end":{"line":24,"column":41}},"24":{"start":{"line":25,"column":0},"end":{"line":25,"column":79}},"25":{"start":{"line":26,"column":0},"end":{"line":26,"column":3}},"27":{"start":{"line":28,"column":0},"end":{"line":28,"column":59}},"30":{"start":{"line":31,"column":0},"end":{"line":31,"column":59}},"31":{"start":{"line":32,"column":0},"end":{"line":32,"column":51}},"33":{"start":{"line":34,"column":0},"end":{"line":34,"column":49}},"34":{"start":{"line":35,"column":0},"end":{"line":35,"column":1}}},"s":{"7":1,"8":33,"10":33,"11":2,"12":2,"14":31,"15":31,"16":31,"18":33,"19":3,"20":3,"23":33,"24":5,"25":5,"27":23,"30":23,"31":23,"33":23,"34":23},"branchMap":{"0":{"type":"branch","line":8,"loc":{"start":{"line":8,"column":7},"end":{"line":35,"column":1}},"locations":[{"start":{"line":8,"column":7},"end":{"line":35,"column":1}}]},"1":{"type":"branch","line":11,"loc":{"start":{"line":11,"column":7},"end":{"line":11,"column":38}},"locations":[{"start":{"line":11,"column":7},"end":{"line":11,"column":38}}]},"2":{"type":"branch","line":11,"loc":{"start":{"line":11,"column":38},"end":{"line":13,"column":3}},"locations":[{"start":{"line":11,"column":38},"end":{"line":13,"column":3}}]},"3":{"type":"branch","line":13,"loc":{"start":{"line":13,"column":2},"end":{"line":19,"column":20}},"locations":[{"start":{"line":13,"column":2},"end":{"line":19,"column":20}}]},"4":{"type":"branch","line":19,"loc":{"start":{"line":19,"column":7},"end":{"line":19,"column":29}},"locations":[{"start":{"line":19,"column":7},"end":{"line":19,"column":29}}]},"5":{"type":"branch","line":19,"loc":{"start":{"line":19,"column":29},"end":{"line":21,"column":3}},"locations":[{"start":{"line":19,"column":29},"end":{"line":21,"column":3}}]},"6":{"type":"branch","line":21,"loc":{"start":{"line":21,"column":2},"end":{"line":24,"column":40}},"locations":[{"start":{"line":21,"column":2},"end":{"line":24,"column":40}}]},"7":{"type":"branch","line":24,"loc":{"start":{"line":24,"column":40},"end":{"line":26,"column":3}},"locations":[{"start":{"line":24,"column":40},"end":{"line":26,"column":3}}]},"8":{"type":"branch","line":26,"loc":{"start":{"line":26,"column":2},"end":{"line":35,"column":1}},"locations":[{"start":{"line":26,"column":2},"end":{"line":35,"column":1}}]}},"b":{"0":[33],"1":[32],"2":[2],"3":[31],"4":[29],"5":[3],"6":[28],"7":[5],"8":[23]},"fnMap":{"0":{"name":"maskEmail","decl":{"start":{"line":8,"column":7},"end":{"line":35,"column":1}},"loc":{"start":{"line":8,"column":7},"end":{"line":35,"column":1}},"line":8}},"f":{"0":33}}
}
